This file contains any messages produced by compilers while
running configure, to aid debugging if configure makes a mistake.

It was created by configure, which was
generated by GNU Autoconf 2.67.  Invocation command line was

  $ ./configure --with-lua=lua-5.0.3 --with-sdl-prefix=/home/ienze/git/emsdk/emscripten/1.38.16/system --with-sdl-exec-prefix=/home/ienze/git/emsdk/emscripten/1.38.16/system --disable-sdltest CXXFLAGS=-std=c++11 -O3 --closure 1

## --------- ##
## Platform. ##
## --------- ##

hostname = ienze
uname -m = x86_64
uname -r = 4.14.11-300.fc27.x86_64
uname -s = Linux
uname -v = #1 SMP Wed Jan 3 13:52:28 UTC 2018

/usr/bin/uname -p = x86_64
/bin/uname -X     = unknown

/bin/arch              = x86_64
/usr/bin/arch -k       = unknown
/usr/convex/getsysinfo = unknown
/usr/bin/hostinfo      = unknown
/bin/machine           = unknown
/usr/bin/oslevel       = unknown
/bin/universe          = unknown

PATH: /home/ienze/git/emsdk/emscripten/1.38.16/system/bin
PATH: /usr/share/Modules/bin
PATH: /usr/local/bin
PATH: /usr/local/sbin
PATH: /usr/bin
PATH: /usr/sbin
PATH: /home/ienze/.composer/vendor/bin
PATH: /home/ienze/.local/bin
PATH: /home/ienze/bin


## ----------- ##
## Core tests. ##
## ----------- ##

configure:2031: checking build system type
configure:2045: result: x86_64-unknown-linux-gnu
configure:2065: checking host system type
configure:2078: result: x86_64-unknown-linux-gnu
configure:2098: checking target system type
configure:2111: result: x86_64-unknown-linux-gnu
configure:2156: checking for a BSD-compatible install
configure:2224: result: /usr/bin/install -c
configure:2235: checking whether build environment is sane
configure:2272: result: yes
configure:2334: checking for gawk
configure:2350: found /usr/bin/gawk
configure:2361: result: gawk
configure:2372: checking whether make sets $(MAKE)
configure:2394: result: yes
configure:2686: checking for C++ compiler version
configure:2695: /home/ienze/git/emsdk/emscripten/1.38.16/em++ --version >&5
emcc (Emscripten gcc/clang-like replacement) 1.38.16 (commit 7a0e27441eda6cb0e3f1210e6837cae4b080ab4c)
Copyright (C) 2014 the Emscripten authors (see AUTHORS.txt)
This is free and open source software under the MIT license.
There is NO warranty; not even for MERCHANTABILITY or FITNESS FOR A PARTICULAR PURPOSE.
  
configure:2706: $? = 0
configure:2695: /home/ienze/git/emsdk/emscripten/1.38.16/em++ -v >&5
emcc (Emscripten gcc/clang-like replacement + linker emulating GNU ld) 1.38.16
clang version 6.0.1  (emscripten 1.38.16 : 1.38.16)
Target: x86_64-unknown-linux-gnu
Thread model: posix
InstalledDir: /home/ienze/git/emsdk/clang/e1.38.16_64bit
Found candidate GCC installation: /usr/lib/gcc/x86_64-redhat-linux/8
Selected GCC installation: /usr/lib/gcc/x86_64-redhat-linux/8
Candidate multilib: .;@m64
Candidate multilib: 32;@m32
Selected multilib: .;@m64
... rest of stderr output deleted ...
configure:2706: $? = 0
configure:2695: /home/ienze/git/emsdk/emscripten/1.38.16/em++ -V >&5
ERROR:root:no input files
note that input files without a known suffix are ignored, make sure your input files end with one of: ('.c', '.C', '.i', '.cpp', '.cxx', '.cc', '.c++', '.CPP', '.CXX', '.CC', '.C++', '.ii', '.m', '.mi', '.mm', '.mii', '/dev/null', '.bc', '.o', '.obj', '.lo', '.dylib', '.so', '.a', '.ll', '.h', '.hxx', '.hpp', '.hh', '.H', '.HXX', '.HPP', '.HH')
configure:2706: $? = 1
configure:2695: /home/ienze/git/emsdk/emscripten/1.38.16/em++ -qversion >&5
ERROR:root:no input files
note that input files without a known suffix are ignored, make sure your input files end with one of: ('.c', '.C', '.i', '.cpp', '.cxx', '.cc', '.c++', '.CPP', '.CXX', '.CC', '.C++', '.ii', '.m', '.mi', '.mm', '.mii', '/dev/null', '.bc', '.o', '.obj', '.lo', '.dylib', '.so', '.a', '.ll', '.h', '.hxx', '.hpp', '.hh', '.H', '.HXX', '.HPP', '.HH')
configure:2706: $? = 1
configure:2726: checking whether the C++ compiler works
configure:2748: /home/ienze/git/emsdk/emscripten/1.38.16/em++ -std=c++11 -O3 --closure 1   conftest.cpp  >&5
configure:2752: $? = 0
configure:2800: result: yes
configure:2803: checking for C++ compiler default output file name
configure:2805: result: a.out
configure:2811: checking for suffix of executables
configure:2818: /home/ienze/git/emsdk/emscripten/1.38.16/em++ -o conftest -std=c++11 -O3 --closure 1   conftest.cpp  >&5
configure:2822: $? = 0
configure:2844: result: 
configure:2866: checking whether we are cross compiling
configure:2874: /home/ienze/git/emsdk/emscripten/1.38.16/em++ -o conftest -std=c++11 -O3 --closure 1   conftest.cpp  >&5
configure:2878: $? = 0
configure:2885: ./conftest
configure:2889: $? = 0
configure:2904: result: no
configure:2909: checking for suffix of object files
configure:2931: /home/ienze/git/emsdk/emscripten/1.38.16/em++ -c -std=c++11 -O3 --closure 1  conftest.cpp >&5
configure:2935: $? = 0
configure:2956: result: o
configure:2960: checking whether we are using the GNU C++ compiler
configure:2979: /home/ienze/git/emsdk/emscripten/1.38.16/em++ -c -std=c++11 -O3 --closure 1  conftest.cpp >&5
configure:2979: $? = 0
configure:2988: result: yes
configure:2997: checking whether /home/ienze/git/emsdk/emscripten/1.38.16/em++ accepts -g
configure:3017: /home/ienze/git/emsdk/emscripten/1.38.16/em++ -c -g  conftest.cpp >&5
configure:3017: $? = 0
configure:3058: result: yes
configure:3092: checking for style of include used by make
configure:3120: result: GNU
configure:3148: checking dependency style of /home/ienze/git/emsdk/emscripten/1.38.16/em++
configure:3238: result: gcc3
configure:3303: checking for gcc
configure:3330: result: /home/ienze/git/emsdk/emscripten/1.38.16/emcc
configure:3559: checking for C compiler version
configure:3568: /home/ienze/git/emsdk/emscripten/1.38.16/emcc --version >&5
emcc (Emscripten gcc/clang-like replacement) 1.38.16 (commit 7a0e27441eda6cb0e3f1210e6837cae4b080ab4c)
Copyright (C) 2014 the Emscripten authors (see AUTHORS.txt)
This is free and open source software under the MIT license.
There is NO warranty; not even for MERCHANTABILITY or FITNESS FOR A PARTICULAR PURPOSE.
  
configure:3579: $? = 0
configure:3568: /home/ienze/git/emsdk/emscripten/1.38.16/emcc -v >&5
emcc (Emscripten gcc/clang-like replacement + linker emulating GNU ld) 1.38.16
clang version 6.0.1  (emscripten 1.38.16 : 1.38.16)
Target: x86_64-unknown-linux-gnu
Thread model: posix
InstalledDir: /home/ienze/git/emsdk/clang/e1.38.16_64bit
Found candidate GCC installation: /usr/lib/gcc/x86_64-redhat-linux/8
Selected GCC installation: /usr/lib/gcc/x86_64-redhat-linux/8
Candidate multilib: .;@m64
Candidate multilib: 32;@m32
Selected multilib: .;@m64
... rest of stderr output deleted ...
configure:3579: $? = 0
configure:3568: /home/ienze/git/emsdk/emscripten/1.38.16/emcc -V >&5
ERROR:root:no input files
note that input files without a known suffix are ignored, make sure your input files end with one of: ('.c', '.C', '.i', '.cpp', '.cxx', '.cc', '.c++', '.CPP', '.CXX', '.CC', '.C++', '.ii', '.m', '.mi', '.mm', '.mii', '/dev/null', '.bc', '.o', '.obj', '.lo', '.dylib', '.so', '.a', '.ll', '.h', '.hxx', '.hpp', '.hh', '.H', '.HXX', '.HPP', '.HH')
configure:3579: $? = 1
configure:3568: /home/ienze/git/emsdk/emscripten/1.38.16/emcc -qversion >&5
ERROR:root:no input files
note that input files without a known suffix are ignored, make sure your input files end with one of: ('.c', '.C', '.i', '.cpp', '.cxx', '.cc', '.c++', '.CPP', '.CXX', '.CC', '.C++', '.ii', '.m', '.mi', '.mm', '.mii', '/dev/null', '.bc', '.o', '.obj', '.lo', '.dylib', '.so', '.a', '.ll', '.h', '.hxx', '.hpp', '.hh', '.H', '.HXX', '.HPP', '.HH')
configure:3579: $? = 1
configure:3583: checking whether we are using the GNU C compiler
configure:3602: /home/ienze/git/emsdk/emscripten/1.38.16/emcc -c   conftest.c >&5
configure:3602: $? = 0
configure:3611: result: yes
configure:3620: checking whether /home/ienze/git/emsdk/emscripten/1.38.16/emcc accepts -g
configure:3640: /home/ienze/git/emsdk/emscripten/1.38.16/emcc -c -g  conftest.c >&5
configure:3640: $? = 0
configure:3681: result: yes
configure:3698: checking for /home/ienze/git/emsdk/emscripten/1.38.16/emcc option to accept ISO C89
configure:3762: /home/ienze/git/emsdk/emscripten/1.38.16/emcc  -c   conftest.c >&5
configure:3762: $? = 0
configure:3775: result: none needed
configure:3797: checking dependency style of /home/ienze/git/emsdk/emscripten/1.38.16/emcc
configure:3887: result: gcc3
configure:3948: checking for ranlib
configure:3975: result: /home/ienze/git/emsdk/emscripten/1.38.16/emranlib
configure:4001: checking for sin in -lm
configure:4026: /home/ienze/git/emsdk/emscripten/1.38.16/emcc -o conftest    conftest.c -lm   >&5
conftest.c:18:6: warning: incompatible redeclaration of library function 'sin' [-Wincompatible-library-redeclaration]
char sin ();
     ^
conftest.c:18:6: note: 'sin' is a builtin with type 'double (double)'
1 warning generated.
[0;33mwarning:[0m unexpected number of arguments 0 in call to 'sin', should be 1
configure:4026: $? = 0
configure:4035: result: yes
configure:4097: checking for pkg-config
configure:4115: found /usr/bin/pkg-config
configure:4127: result: /usr/bin/pkg-config
configure:4152: checking pkg-config is at least version 0.9.0
configure:4155: result: yes
configure:4165: checking for FRIBIDI
configure:4172: $PKG_CONFIG --exists --print-errors "fribidi"
Package fribidi was not found in the pkg-config search path.
Perhaps you should add the directory containing `fribidi.pc'
to the PKG_CONFIG_PATH environment variable
Package 'fribidi', required by 'virtual:world', not found
configure:4175: $? = 1
configure:4188: $PKG_CONFIG --exists --print-errors "fribidi"
Package fribidi was not found in the pkg-config search path.
Perhaps you should add the directory containing `fribidi.pc'
to the PKG_CONFIG_PATH environment variable
Package 'fribidi', required by 'virtual:world', not found
configure:4191: $? = 1
configure:4204: result: no
Package 'fribidi', required by 'virtual:world', not found
configure:4929: checking for sdl-config
configure:4960: result: /home/ienze/git/emsdk/emscripten/1.38.16/system/bin/sdl-config
configure:4969: checking for SDL - version >= 1.2.0
configure:5068: result: yes
configure:5140: checking for Mix_OpenAudio in -lSDL_mixer
configure:5166: /home/ienze/git/emsdk/emscripten/1.38.16/emcc -o conftest    conftest.c -lSDL_mixer  
  -lm >&5
WARNING:root:emcc: cannot find library "SDL_mixer"
[0;33mwarning:[0m unexpected number of arguments 0 in call to 'Mix_OpenAudio', should be 1
configure:5166: $? = 0
configure:5175: result: yes
configure:5184: checking for IMG_Load in -lSDL_image
configure:5210: /home/ienze/git/emsdk/emscripten/1.38.16/emcc -o conftest    conftest.c -lSDL_image  -lSDL_mixer 
  -lm >&5
WARNING:root:emcc: cannot find library "SDL_image"
WARNING:root:emcc: cannot find library "SDL_mixer"
[0;33mwarning:[0m unexpected number of arguments 0 in call to 'IMG_Load', should be 1
configure:5210: $? = 0
configure:5219: result: yes
configure:5228: checking for TTF_OpenFont in -lSDL_ttf
configure:5254: /home/ienze/git/emsdk/emscripten/1.38.16/emcc -o conftest    conftest.c -lSDL_ttf  -lSDL_image -lSDL_mixer 
  -lm >&5
WARNING:root:emcc: cannot find library "SDL_ttf"
WARNING:root:emcc: cannot find library "SDL_image"
WARNING:root:emcc: cannot find library "SDL_mixer"
[0;33mwarning:[0m unexpected number of arguments 0 in call to 'TTF_OpenFont', should be 1
configure:5254: $? = 0
configure:5263: result: yes
configure:5285: checking for Xutf8TextListToTextProperty in -lX11
configure:5310: /home/ienze/git/emsdk/emscripten/1.38.16/emcc -o conftest    conftest.c -lX11   -lm >&5
[0;33mwarning:[0m unexpected number of arguments 0 in call to 'Xutf8TextListToTextProperty', should be 1
error: undefined symbol: Xutf8TextListToTextProperty
warning: To disable errors for undefined symbols use `-s ERROR_ON_UNDEFINED_SYMBOLS=0`
Error: Aborting compilation due to previous errors
ERROR:root:'/home/ienze/git/emsdk/node/8.9.1_64bit/bin/node /home/ienze/git/emsdk/emscripten/1.38.16/src/compiler.js /tmp/tmpHR5rc0.txt /home/ienze/git/emsdk/emscripten/1.38.16/src/library_pthread_stub.js' failed (1)
configure:5310: $? = 1
configure: failed program was:
| /* confdefs.h */
| #define PACKAGE_NAME ""
| #define PACKAGE_TARNAME ""
| #define PACKAGE_VERSION ""
| #define PACKAGE_STRING ""
| #define PACKAGE_BUGREPORT ""
| #define PACKAGE_URL ""
| #define PACKAGE "fillets-ng"
| #define VERSION "1.0.1"
| /* end confdefs.h.  */
| 
| /* Override any GCC internal prototype to avoid an error.
|    Use char because int might match the return type of a GCC
|    builtin and then its argument prototype would still apply.  */
| #ifdef __cplusplus
| extern "C"
| #endif
| char Xutf8TextListToTextProperty ();
| int
| main ()
| {
| return Xutf8TextListToTextProperty ();
|   ;
|   return 0;
| }
configure:5319: result: no
configure:5408: checking for SMPEG_new in -lsmpeg
configure:5433: /home/ienze/git/emsdk/emscripten/1.38.16/em++ -o conftest -std=c++11 -O3 --closure 1   conftest.cpp -lsmpeg -lSDL_ttf -lSDL_image -lSDL_mixer   -lm >&5
WARNING:root:emcc: cannot find library "smpeg"
WARNING:root:emcc: cannot find library "SDL_ttf"
WARNING:root:emcc: cannot find library "SDL_image"
WARNING:root:emcc: cannot find library "SDL_mixer"
error: undefined symbol: SMPEG_new
warning: To disable errors for undefined symbols use `-s ERROR_ON_UNDEFINED_SYMBOLS=0`
Error: Aborting compilation due to previous errors
ERROR:root:'/home/ienze/git/emsdk/node/8.9.1_64bit/bin/node /home/ienze/git/emsdk/emscripten/1.38.16/src/compiler.js /tmp/tmp8XTTW3.txt /home/ienze/git/emsdk/emscripten/1.38.16/src/library_pthread_stub.js' failed (1)
configure:5433: $? = 1
configure: failed program was:
| /* confdefs.h */
| #define PACKAGE_NAME ""
| #define PACKAGE_TARNAME ""
| #define PACKAGE_VERSION ""
| #define PACKAGE_STRING ""
| #define PACKAGE_BUGREPORT ""
| #define PACKAGE_URL ""
| #define PACKAGE "fillets-ng"
| #define VERSION "1.0.1"
| /* end confdefs.h.  */
| 
| /* Override any GCC internal prototype to avoid an error.
|    Use char because int might match the return type of a GCC
|    builtin and then its argument prototype would still apply.  */
| #ifdef __cplusplus
| extern "C"
| #endif
| char SMPEG_new ();
| int
| main ()
| {
| return SMPEG_new ();
|   ;
|   return 0;
| }
configure:5442: result: no
configure:5725: creating ./config.status

## ---------------------- ##
## Running config.status. ##
## ---------------------- ##

This file was extended by config.status, which was
generated by GNU Autoconf 2.67.  Invocation command line was

  CONFIG_FILES    = 
  CONFIG_HEADERS  = 
  CONFIG_LINKS    = 
  CONFIG_COMMANDS = 
  $ ./config.status 

on ienze

config.status:820: creating Makefile
config.status:820: creating src/Makefile
config.status:820: creating src/SDL_gfx/Makefile
config.status:820: creating src/gengine/Makefile
config.status:820: creating src/effect/Makefile
config.status:820: creating src/widget/Makefile
config.status:820: creating src/plan/Makefile
config.status:820: creating src/option/Makefile
config.status:820: creating src/state/Makefile
config.status:820: creating src/level/Makefile
config.status:820: creating src/menu/Makefile
config.status:820: creating src/game/Makefile
config.status:985: executing depfiles commands
configure:6863: result:

Fish Fillets NG are now configured.
   Checked components: X11=no, WINDRES=no, FRIBIDI=no, SMPEG=no

You can now run make.


## ---------------- ##
## Cache variables. ##
## ---------------- ##

ac_cv_build=x86_64-unknown-linux-gnu
ac_cv_c_compiler_gnu=yes
ac_cv_cxx_compiler_gnu=yes
ac_cv_env_CCC_set=
ac_cv_env_CCC_value=
ac_cv_env_CC_set=set
ac_cv_env_CC_value=/home/ienze/git/emsdk/emscripten/1.38.16/emcc
ac_cv_env_CFLAGS_set=set
ac_cv_env_CFLAGS_value=
ac_cv_env_CPPFLAGS_set=
ac_cv_env_CPPFLAGS_value=
ac_cv_env_CXXFLAGS_set=set
ac_cv_env_CXXFLAGS_value='-std=c++11 -O3 --closure 1'
ac_cv_env_CXX_set=set
ac_cv_env_CXX_value=/home/ienze/git/emsdk/emscripten/1.38.16/em++
ac_cv_env_FRIBIDI_CFLAGS_set=
ac_cv_env_FRIBIDI_CFLAGS_value=
ac_cv_env_FRIBIDI_LIBS_set=
ac_cv_env_FRIBIDI_LIBS_value=
ac_cv_env_LDFLAGS_set=
ac_cv_env_LDFLAGS_value=
ac_cv_env_LIBS_set=
ac_cv_env_LIBS_value=
ac_cv_env_LUA_CFLAGS_set=
ac_cv_env_LUA_CFLAGS_value=
ac_cv_env_LUA_LIBS_set=
ac_cv_env_LUA_LIBS_value=
ac_cv_env_PKG_CONFIG_LIBDIR_set=set
ac_cv_env_PKG_CONFIG_LIBDIR_value=/home/ienze/git/emsdk/emscripten/1.38.16/system/local/lib/pkgconfig:/home/ienze/git/emsdk/emscripten/1.38.16/system/lib/pkgconfig
ac_cv_env_PKG_CONFIG_PATH_set=set
ac_cv_env_PKG_CONFIG_PATH_value=
ac_cv_env_PKG_CONFIG_set=
ac_cv_env_PKG_CONFIG_value=
ac_cv_env_build_alias_set=
ac_cv_env_build_alias_value=
ac_cv_env_host_alias_set=
ac_cv_env_host_alias_value=
ac_cv_env_target_alias_set=
ac_cv_env_target_alias_value=
ac_cv_host=x86_64-unknown-linux-gnu
ac_cv_lib_SDL_image_IMG_Load=yes
ac_cv_lib_SDL_mixer_Mix_OpenAudio=yes
ac_cv_lib_SDL_ttf_TTF_OpenFont=yes
ac_cv_lib_X11_Xutf8TextListToTextProperty=no
ac_cv_lib_m_sin=yes
ac_cv_lib_smpeg_SMPEG_new=no
ac_cv_objext=o
ac_cv_path_SDL_CONFIG=/home/ienze/git/emsdk/emscripten/1.38.16/system/bin/sdl-config
ac_cv_path_ac_pt_PKG_CONFIG=/usr/bin/pkg-config
ac_cv_path_install='/usr/bin/install -c'
ac_cv_prog_AWK=gawk
ac_cv_prog_ac_ct_CC=/home/ienze/git/emsdk/emscripten/1.38.16/emcc
ac_cv_prog_ac_ct_RANLIB=/home/ienze/git/emsdk/emscripten/1.38.16/emranlib
ac_cv_prog_cc_c89=
ac_cv_prog_cc_g=yes
ac_cv_prog_cxx_g=yes
ac_cv_prog_make_make_set=yes
ac_cv_target=x86_64-unknown-linux-gnu
am_cv_CC_dependencies_compiler_type=gcc3
am_cv_CXX_dependencies_compiler_type=gcc3

## ----------------- ##
## Output variables. ##
## ----------------- ##

ACLOCAL='${SHELL} /home/ienze/git/fillets-src/missing --run aclocal-1.9'
AMDEPBACKSLASH='\'
AMDEP_FALSE='#'
AMDEP_TRUE=''
AMTAR='${SHELL} /home/ienze/git/fillets-src/missing --run tar'
AUTOCONF='${SHELL} /home/ienze/git/fillets-src/missing --run autoconf'
AUTOHEADER='${SHELL} /home/ienze/git/fillets-src/missing --run autoheader'
AUTOMAKE='${SHELL} /home/ienze/git/fillets-src/missing --run automake-1.9'
AWK='gawk'
BOOST_CFLAGS=''
BOOST_LIBS=''
CC='/home/ienze/git/emsdk/emscripten/1.38.16/emcc'
CCDEPMODE='depmode=gcc3'
CFLAGS=''
CPPFLAGS=''
CXX='/home/ienze/git/emsdk/emscripten/1.38.16/em++'
CXXDEPMODE='depmode=gcc3'
CXXFLAGS='-std=c++11 -O3 --closure 1 -Wall -W -Wpointer-arith -Wcast-qual -Wcast-align -Woverloaded-virtual -Wconversion -Wshadow'
CYGPATH_W='echo'
DEFS='-DPACKAGE_NAME=\"\" -DPACKAGE_TARNAME=\"\" -DPACKAGE_VERSION=\"\" -DPACKAGE_STRING=\"\" -DPACKAGE_BUGREPORT=\"\" -DPACKAGE_URL=\"\" -DPACKAGE=\"fillets-ng\" -DVERSION=\"1.0.1\"'
DEPDIR='.deps'
ECHO_C=''
ECHO_N='-n'
ECHO_T=''
EXEEXT=''
FRIBIDI_CFLAGS=''
FRIBIDI_LIBS=''
HAVE_WINDRES_FALSE=''
HAVE_WINDRES_TRUE='#'
INSTALL_DATA='${INSTALL} -m 644'
INSTALL_PROGRAM='${INSTALL}'
INSTALL_SCRIPT='${INSTALL}'
INSTALL_STRIP_PROGRAM='${SHELL} $(install_sh) -c -s'
LDFLAGS=''
LIBOBJS=''
LIBS=' -lm'
LTLIBOBJS=''
LUACONFIG=''
LUA_CFLAGS='-Ilua-5.0.3'
LUA_LIBS='-Llua-5.0.3 -llua -llualib'
MAKEINFO='${SHELL} /home/ienze/git/fillets-src/missing --run makeinfo'
OBJEXT='o'
PACKAGE='fillets-ng'
PACKAGE_BUGREPORT=''
PACKAGE_NAME=''
PACKAGE_STRING=''
PACKAGE_TARNAME=''
PACKAGE_URL=''
PACKAGE_VERSION=''
PATH_SEPARATOR=':'
PKG_CONFIG='/usr/bin/pkg-config'
PKG_CONFIG_LIBDIR='/home/ienze/git/emsdk/emscripten/1.38.16/system/local/lib/pkgconfig:/home/ienze/git/emsdk/emscripten/1.38.16/system/lib/pkgconfig'
PKG_CONFIG_PATH=''
RANLIB='/home/ienze/git/emsdk/emscripten/1.38.16/emranlib'
SDL_CFLAGS=''
SDL_CONFIG='/home/ienze/git/emsdk/emscripten/1.38.16/system/bin/sdl-config'
SDL_LIBS='-lSDL_ttf -lSDL_image -lSDL_mixer '
SET_MAKE=''
SHELL='/bin/sh'
STRIP=''
VERSION='1.0.1'
WINDRES=''
WITH_BOOST_FALSE=''
WITH_BOOST_TRUE='#'
X_LIBS=''
ac_ct_CC='/home/ienze/git/emsdk/emscripten/1.38.16/emcc'
ac_ct_CXX=''
am__fastdepCC_FALSE='#'
am__fastdepCC_TRUE=''
am__fastdepCXX_FALSE='#'
am__fastdepCXX_TRUE=''
am__include='include'
am__leading_dot='.'
am__quote=''
am__tar='${AMTAR} chof - "$$tardir"'
am__untar='${AMTAR} xf -'
bindir='${exec_prefix}/bin'
build='x86_64-unknown-linux-gnu'
build_alias=''
build_cpu='x86_64'
build_os='linux-gnu'
build_vendor='unknown'
datadir='${datarootdir}/games/${PACKAGE}'
datarootdir='${prefix}/share'
docdir='${datarootdir}/doc/${PACKAGE}'
dvidir='${docdir}'
exec_prefix='${prefix}'
host='x86_64-unknown-linux-gnu'
host_alias=''
host_cpu='x86_64'
host_os='linux-gnu'
host_vendor='unknown'
htmldir='${docdir}'
includedir='${prefix}/include'
infodir='${datarootdir}/info'
install_sh='/home/ienze/git/fillets-src/install-sh'
libdir='${exec_prefix}/lib'
libexecdir='${exec_prefix}/libexec'
localedir='${datarootdir}/locale'
localstatedir='${prefix}/var'
mandir='${datarootdir}/man'
mkdir_p='mkdir -p --'
oldincludedir='/usr/include'
pdfdir='${docdir}'
prefix='/usr/local'
program_transform_name='s,x,x,'
psdir='${docdir}'
sbindir='${exec_prefix}/sbin'
sharedstatedir='${prefix}/com'
sysconfdir='${prefix}/etc'
target='x86_64-unknown-linux-gnu'
target_alias=''
target_cpu='x86_64'
target_os='linux-gnu'
target_vendor='unknown'

## ----------- ##
## confdefs.h. ##
## ----------- ##

/* confdefs.h */
#define PACKAGE_NAME ""
#define PACKAGE_TARNAME ""
#define PACKAGE_VERSION ""
#define PACKAGE_STRING ""
#define PACKAGE_BUGREPORT ""
#define PACKAGE_URL ""
#define PACKAGE "fillets-ng"
#define VERSION "1.0.1"

configure: exit 0

## ---------------------- ##
## Running config.status. ##
## ---------------------- ##

This file was extended by config.status, which was
generated by GNU Autoconf 2.67.  Invocation command line was

  CONFIG_FILES    = 
  CONFIG_HEADERS  = 
  CONFIG_LINKS    = 
  CONFIG_COMMANDS = 
  $ ./config.status Makefile

on ienze

config.status:820: creating Makefile

## ---------------------- ##
## Running config.status. ##
## ---------------------- ##

This file was extended by config.status, which was
generated by GNU Autoconf 2.67.  Invocation command line was

  CONFIG_FILES    = 
  CONFIG_HEADERS  = 
  CONFIG_LINKS    = 
  CONFIG_COMMANDS = 
  $ ./config.status src/Makefile

on ienze

config.status:820: creating src/Makefile

## ---------------------- ##
## Running config.status. ##
## ---------------------- ##

This file was extended by config.status, which was
generated by GNU Autoconf 2.67.  Invocation command line was

  CONFIG_FILES    = 
  CONFIG_HEADERS  = 
  CONFIG_LINKS    = 
  CONFIG_COMMANDS = 
  $ ./config.status src/game/Makefile depfiles

on ienze

config.status:820: creating src/game/Makefile
config.status:985: executing depfiles commands

## ---------------------- ##
## Running config.status. ##
## ---------------------- ##

This file was extended by config.status, which was
generated by GNU Autoconf 2.67.  Invocation command line was

  CONFIG_FILES    = 
  CONFIG_HEADERS  = 
  CONFIG_LINKS    = 
  CONFIG_COMMANDS = 
  $ ./config.status src/menu/Makefile depfiles

on ienze

config.status:820: creating src/menu/Makefile
config.status:985: executing depfiles commands

## ---------------------- ##
## Running config.status. ##
## ---------------------- ##

This file was extended by config.status, which was
generated by GNU Autoconf 2.67.  Invocation command line was

  CONFIG_FILES    = 
  CONFIG_HEADERS  = 
  CONFIG_LINKS    = 
  CONFIG_COMMANDS = 
  $ ./config.status src/level/Makefile depfiles

on ienze

config.status:820: creating src/level/Makefile
config.status:985: executing depfiles commands

## ---------------------- ##
## Running config.status. ##
## ---------------------- ##

This file was extended by config.status, which was
generated by GNU Autoconf 2.67.  Invocation command line was

  CONFIG_FILES    = 
  CONFIG_HEADERS  = 
  CONFIG_LINKS    = 
  CONFIG_COMMANDS = 
  $ ./config.status src/state/Makefile depfiles

on ienze

config.status:820: creating src/state/Makefile
config.status:985: executing depfiles commands

## ---------------------- ##
## Running config.status. ##
## ---------------------- ##

This file was extended by config.status, which was
generated by GNU Autoconf 2.67.  Invocation command line was

  CONFIG_FILES    = 
  CONFIG_HEADERS  = 
  CONFIG_LINKS    = 
  CONFIG_COMMANDS = 
  $ ./config.status src/option/Makefile depfiles

on ienze

config.status:820: creating src/option/Makefile
config.status:985: executing depfiles commands

## ---------------------- ##
## Running config.status. ##
## ---------------------- ##

This file was extended by config.status, which was
generated by GNU Autoconf 2.67.  Invocation command line was

  CONFIG_FILES    = 
  CONFIG_HEADERS  = 
  CONFIG_LINKS    = 
  CONFIG_COMMANDS = 
  $ ./config.status src/plan/Makefile depfiles

on ienze

config.status:820: creating src/plan/Makefile
config.status:985: executing depfiles commands

## ---------------------- ##
## Running config.status. ##
## ---------------------- ##

This file was extended by config.status, which was
generated by GNU Autoconf 2.67.  Invocation command line was

  CONFIG_FILES    = 
  CONFIG_HEADERS  = 
  CONFIG_LINKS    = 
  CONFIG_COMMANDS = 
  $ ./config.status src/widget/Makefile depfiles

on ienze

config.status:820: creating src/widget/Makefile
config.status:985: executing depfiles commands

## ---------------------- ##
## Running config.status. ##
## ---------------------- ##

This file was extended by config.status, which was
generated by GNU Autoconf 2.67.  Invocation command line was

  CONFIG_FILES    = 
  CONFIG_HEADERS  = 
  CONFIG_LINKS    = 
  CONFIG_COMMANDS = 
  $ ./config.status src/effect/Makefile depfiles

on ienze

config.status:820: creating src/effect/Makefile
config.status:985: executing depfiles commands

## ---------------------- ##
## Running config.status. ##
## ---------------------- ##

This file was extended by config.status, which was
generated by GNU Autoconf 2.67.  Invocation command line was

  CONFIG_FILES    = 
  CONFIG_HEADERS  = 
  CONFIG_LINKS    = 
  CONFIG_COMMANDS = 
  $ ./config.status src/gengine/Makefile depfiles

on ienze

config.status:820: creating src/gengine/Makefile
config.status:985: executing depfiles commands

## ---------------------- ##
## Running config.status. ##
## ---------------------- ##

This file was extended by config.status, which was
generated by GNU Autoconf 2.67.  Invocation command line was

  CONFIG_FILES    = 
  CONFIG_HEADERS  = 
  CONFIG_LINKS    = 
  CONFIG_COMMANDS = 
  $ ./config.status src/SDL_gfx/Makefile depfiles

on ienze

config.status:820: creating src/SDL_gfx/Makefile
config.status:985: executing depfiles commands
